<?xml version="1.0" encoding="UTF-8"?>
<!-- Generated by org.testng.reporters.JUnitReportReporter -->
<testsuite hostname="aLi" failures="0" tests="1" name="ADO_SamplePipeline.ADO_SamplePipeline.TestNG_Class" time="9.871" errors="0" timestamp="13 Mar 2023 20:59:46 GMT" skipped="0">
  <testcase classname="ADO_SamplePipeline.ADO_SamplePipeline.TestNG_Class" name="VerifyTitle" time="9.871"/>
</testsuite> <!-- ADO_SamplePipeline.ADO_SamplePipeline.TestNG_Class -->
